This file contains any messages produced by compilers while
running configure, to aid debugging if configure makes a mistake.

It was created by xapian-core-scws configure 1.2.22, which was
generated by GNU Autoconf 2.69.  Invocation command line was

  $ ./configure --prefix=/svr/htdocs/test/xunsearch/ --with-scws=/svr/htdocs/test/xunsearch/

## --------- ##
## Platform. ##
## --------- ##

hostname = EL.local
uname -m = x86_64
uname -r = 15.0.0
uname -s = Darwin
uname -v = Darwin Kernel Version 15.0.0: Wed Aug 26 16:57:32 PDT 2015; root:xnu-3247.1.106~1/RELEASE_X86_64

/usr/bin/uname -p = i386
/bin/uname -X     = unknown

/bin/arch              = unknown
/usr/bin/arch -k       = unknown
/usr/convex/getsysinfo = unknown
/usr/bin/hostinfo      = Mach kernel version:
	 Darwin Kernel Version 15.0.0: Wed Aug 26 16:57:32 PDT 2015; root:xnu-3247.1.106~1/RELEASE_X86_64
Kernel configured for up to 4 processors.
2 processors are physically available.
4 processors are logically available.
Processor type: i486 (Intel 80486)
Processors active: 0 1 2 3
Primary memory available: 4.00 gigabytes
Default processor set: 230 tasks, 1330 threads, 4 processors
Load average: 2.63, Mach factor: 1.38
/bin/machine           = unknown
/usr/bin/oslevel       = unknown
/bin/universe          = unknown

PATH: /usr/local/sbin
PATH: /usr/local/bin
PATH: /usr/bin
PATH: /bin
PATH: /usr/sbin
PATH: /sbin
PATH: /usr/local/bin
PATH: /opt/X11/bin


## ----------- ##
## Core tests. ##
## ----------- ##

configure:2939: checking for a BSD-compatible install
configure:3007: result: /usr/bin/install -c
configure:3018: checking whether build environment is sane
configure:3068: result: yes
configure:3209: checking for a thread-safe mkdir -p
configure:3248: result: ./install-sh -c -d
configure:3261: checking for gawk
configure:3291: result: no
configure:3261: checking for mawk
configure:3291: result: no
configure:3261: checking for nawk
configure:3291: result: no
configure:3261: checking for awk
configure:3277: found /usr/bin/awk
configure:3288: result: awk
configure:3299: checking whether make sets $(MAKE)
configure:3321: result: yes
configure:3396: checking how to create a ustar tar archive
configure:3409: tar --version
bsdtar 2.8.3 - libarchive 2.8.3
configure:3412: $? = 0
configure:3452: tardir=conftest.dir && eval tar --format=ustar -chf - "$tardir" >conftest.tar
configure:3455: $? = 0
configure:3459: tar -xf - <conftest.tar
configure:3462: $? = 0
configure:3475: result: gnutar
configure:3520: checking build system type
configure:3534: result: x86_64-apple-darwin15.0.0
configure:3554: checking host system type
configure:3567: result: x86_64-apple-darwin15.0.0
configure:3608: checking how to print strings
configure:3635: result: printf
configure:3668: checking for style of include used by make
configure:3696: result: GNU
configure:3767: checking for gcc
configure:3783: found /usr/bin/gcc
configure:3794: result: gcc
configure:4023: checking for C compiler version
configure:4032: gcc --version >&5
Apple LLVM version 7.3.0 (clang-703.0.31)
Target: x86_64-apple-darwin15.0.0
Thread model: posix
InstalledDir: /Applications/Xcode.app/Contents/Developer/Toolchains/XcodeDefault.xctoolchain/usr/bin
Configured with: --prefix=/Applications/Xcode.app/Contents/Developer/usr --with-gxx-include-dir=/usr/include/c++/4.2.1
configure:4043: $? = 0
configure:4032: gcc -v >&5
Configured with: --prefix=/Applications/Xcode.app/Contents/Developer/usr --with-gxx-include-dir=/usr/include/c++/4.2.1
Apple LLVM version 7.3.0 (clang-703.0.31)
Target: x86_64-apple-darwin15.0.0
Thread model: posix
InstalledDir: /Applications/Xcode.app/Contents/Developer/Toolchains/XcodeDefault.xctoolchain/usr/bin
configure:4043: $? = 0
configure:4032: gcc -V >&5
clang: error: argument to '-V' is missing (expected 1 value)
clang: error: no input files
configure:4043: $? = 1
configure:4032: gcc -qversion >&5
clang: error: unknown argument: '-qversion'
clang: error: no input files
configure:4043: $? = 1
configure:4063: checking whether the C compiler works
configure:4085: gcc -O2   conftest.c  >&5
configure:4089: $? = 0
configure:4137: result: yes
configure:4140: checking for C compiler default output file name
configure:4142: result: a.out
configure:4148: checking for suffix of executables
configure:4155: gcc -o conftest -O2   conftest.c  >&5
configure:4159: $? = 0
configure:4181: result: 
configure:4203: checking whether we are cross compiling
configure:4211: gcc -o conftest -O2   conftest.c  >&5
configure:4215: $? = 0
configure:4222: ./conftest
configure:4226: $? = 0
configure:4241: result: no
configure:4246: checking for suffix of object files
configure:4268: gcc -c -O2  conftest.c >&5
configure:4272: $? = 0
configure:4293: result: o
configure:4297: checking whether we are using the GNU C compiler
configure:4316: gcc -c -O2  conftest.c >&5
configure:4316: $? = 0
configure:4325: result: yes
configure:4334: checking whether gcc accepts -g
configure:4354: gcc -c -g  conftest.c >&5
configure:4354: $? = 0
configure:4395: result: yes
configure:4412: checking for gcc option to accept ISO C89
configure:4475: gcc  -c -O2  conftest.c >&5
configure:4475: $? = 0
configure:4488: result: none needed
configure:4510: checking dependency style of gcc
configure:4621: result: gcc3
configure:4636: checking for a sed that does not truncate output
configure:4700: result: /usr/bin/sed
configure:4718: checking for grep that handles long lines and -e
configure:4776: result: /usr/bin/grep
configure:4781: checking for egrep
configure:4843: result: /usr/bin/grep -E
configure:4848: checking for fgrep
configure:4910: result: /usr/bin/grep -F
configure:4945: checking for ld used by gcc
configure:5012: result: /Applications/Xcode.app/Contents/Developer/Toolchains/XcodeDefault.xctoolchain/usr/bin/ld
configure:5019: checking if the linker (/Applications/Xcode.app/Contents/Developer/Toolchains/XcodeDefault.xctoolchain/usr/bin/ld) is GNU ld
configure:5034: result: no
configure:5046: checking for BSD- or MS-compatible name lister (nm)
configure:5100: result: /usr/bin/nm -B
configure:5230: checking the name lister (/usr/bin/nm -B) interface
configure:5237: gcc -c -O2  conftest.c >&5
configure:5240: /usr/bin/nm -B "conftest.o"
configure:5243: output
0000000000000000 S _some_variable
configure:5250: result: BSD nm
configure:5253: checking whether ln -s works
configure:5257: result: yes
configure:5265: checking the maximum length of command line arguments
configure:5396: result: 196608
configure:5444: checking how to convert x86_64-apple-darwin15.0.0 file names to x86_64-apple-darwin15.0.0 format
configure:5484: result: func_convert_file_noop
configure:5491: checking how to convert x86_64-apple-darwin15.0.0 file names to toolchain format
configure:5511: result: func_convert_file_noop
configure:5518: checking for /Applications/Xcode.app/Contents/Developer/Toolchains/XcodeDefault.xctoolchain/usr/bin/ld option to reload object files
configure:5525: result: -r
configure:5599: checking for objdump
configure:5629: result: no
configure:5658: checking how to recognize dependent libraries
configure:5858: result: pass_all
configure:5943: checking for dlltool
configure:5973: result: no
configure:6003: checking how to associate runtime and link libraries
configure:6030: result: printf %s\n
configure:6091: checking for ar
configure:6107: found /usr/bin/ar
configure:6118: result: ar
configure:6155: checking for archiver @FILE support
configure:6172: gcc -c -O2  conftest.c >&5
configure:6172: $? = 0
configure:6175: ar cru libconftest.a @conftest.lst >&5
ar: @conftest.lst: No such file or directory
configure:6178: $? = 1
configure:6198: result: no
configure:6256: checking for strip
configure:6272: found /usr/bin/strip
configure:6283: result: strip
configure:6355: checking for ranlib
configure:6371: found /usr/bin/ranlib
configure:6382: result: ranlib
configure:6484: checking command to parse /usr/bin/nm -B output from gcc object
configure:6637: gcc -c -O2  conftest.c >&5
configure:6640: $? = 0
configure:6644: /usr/bin/nm -B conftest.o \| sed -n -e 's/^.*[ ]\([BCDEGRST][BCDEGRST]*\)[ ][ ]*\([_A-Za-z][_A-Za-z0-9]*\)$/\1 \2 \2/p' | sed '/ __gnu_lto/d' \> conftest.nm
configure:6647: $? = 0
cannot find nm_test_var in conftest.nm
configure:6637: gcc -c -O2  conftest.c >&5
configure:6640: $? = 0
configure:6644: /usr/bin/nm -B conftest.o \| sed -n -e 's/^.*[ ]\([BCDEGRST][BCDEGRST]*\)[ ][ ]*_\([_A-Za-z][_A-Za-z0-9]*\)$/\1 _\2 \2/p' | sed '/ __gnu_lto/d' \> conftest.nm
configure:6647: $? = 0
configure:6713: gcc -o conftest -O2   conftest.c conftstm.o >&5
configure:6716: $? = 0
configure:6754: result: ok
configure:6801: checking for sysroot
configure:6831: result: no
configure:6838: checking for a working dd
configure:6876: result: /bin/dd
configure:6880: checking how to truncate binary pipes
configure:6895: result: /bin/dd bs=4096 count=1
configure:7224: checking for mt
configure:7254: result: no
configure:7274: checking if : is a manifest tool
configure:7280: : '-?'
configure:7288: result: no
configure:7344: checking for dsymutil
configure:7360: found /usr/bin/dsymutil
configure:7371: result: dsymutil
configure:7436: checking for nmedit
configure:7452: found /usr/bin/nmedit
configure:7463: result: nmedit
configure:7528: checking for lipo
configure:7544: found /usr/bin/lipo
configure:7555: result: lipo
configure:7620: checking for otool
configure:7636: found /usr/bin/otool
configure:7647: result: otool
configure:7712: checking for otool64
configure:7742: result: no
configure:7787: checking for -single_module linker flag
gcc -O2  -o libconftest.dylib -dynamiclib -Wl,-single_module conftest.c
configure:7820: result: yes
configure:7823: checking for -exported_symbols_list linker flag
configure:7843: gcc -o conftest -O2   -Wl,-exported_symbols_list,conftest.sym conftest.c  >&5
configure:7843: $? = 0
configure:7853: result: yes
configure:7856: checking for -force_load linker flag
gcc -O2 -c -o conftest.o conftest.c
ar cru libconftest.a conftest.o
ranlib libconftest.a
gcc -O2  -o conftest conftest.c -Wl,-force_load,./libconftest.a
configure:7888: result: yes
configure:7965: checking how to run the C preprocessor
configure:7996: gcc -E  conftest.c
configure:7996: $? = 0
configure:8010: gcc -E  conftest.c
conftest.c:11:10: fatal error: 'ac_nonexistent.h' file not found
#include <ac_nonexistent.h>
         ^
1 error generated.
configure:8010: $? = 1
configure: failed program was:
| /* confdefs.h */
| #define PACKAGE_NAME "xapian-core-scws"
| #define PACKAGE_TARNAME "xapian-core-scws"
| #define PACKAGE_VERSION "1.2.22"
| #define PACKAGE_STRING "xapian-core-scws 1.2.22"
| #define PACKAGE_BUGREPORT "http://xapian.xungle.com/bugs"
| #define PACKAGE_URL ""
| #define PACKAGE "xapian-core-scws"
| #define VERSION "1.2.22"
| /* end confdefs.h.  */
| #include <ac_nonexistent.h>
configure:8035: result: gcc -E
configure:8055: gcc -E  conftest.c
configure:8055: $? = 0
configure:8069: gcc -E  conftest.c
conftest.c:11:10: fatal error: 'ac_nonexistent.h' file not found
#include <ac_nonexistent.h>
         ^
1 error generated.
configure:8069: $? = 1
configure: failed program was:
| /* confdefs.h */
| #define PACKAGE_NAME "xapian-core-scws"
| #define PACKAGE_TARNAME "xapian-core-scws"
| #define PACKAGE_VERSION "1.2.22"
| #define PACKAGE_STRING "xapian-core-scws 1.2.22"
| #define PACKAGE_BUGREPORT "http://xapian.xungle.com/bugs"
| #define PACKAGE_URL ""
| #define PACKAGE "xapian-core-scws"
| #define VERSION "1.2.22"
| /* end confdefs.h.  */
| #include <ac_nonexistent.h>
configure:8098: checking for ANSI C header files
configure:8118: gcc -c -O2  conftest.c >&5
configure:8118: $? = 0
configure:8191: gcc -o conftest -O2   conftest.c  >&5
configure:8191: $? = 0
configure:8191: ./conftest
configure:8191: $? = 0
configure:8202: result: yes
configure:8215: checking for sys/types.h
configure:8215: gcc -c -O2  conftest.c >&5
configure:8215: $? = 0
configure:8215: result: yes
configure:8215: checking for sys/stat.h
configure:8215: gcc -c -O2  conftest.c >&5
configure:8215: $? = 0
configure:8215: result: yes
configure:8215: checking for stdlib.h
configure:8215: gcc -c -O2  conftest.c >&5
configure:8215: $? = 0
configure:8215: result: yes
configure:8215: checking for string.h
configure:8215: gcc -c -O2  conftest.c >&5
configure:8215: $? = 0
configure:8215: result: yes
configure:8215: checking for memory.h
configure:8215: gcc -c -O2  conftest.c >&5
configure:8215: $? = 0
configure:8215: result: yes
configure:8215: checking for strings.h
configure:8215: gcc -c -O2  conftest.c >&5
configure:8215: $? = 0
configure:8215: result: yes
configure:8215: checking for inttypes.h
configure:8215: gcc -c -O2  conftest.c >&5
configure:8215: $? = 0
configure:8215: result: yes
configure:8215: checking for stdint.h
configure:8215: gcc -c -O2  conftest.c >&5
configure:8215: $? = 0
configure:8215: result: yes
configure:8215: checking for unistd.h
configure:8215: gcc -c -O2  conftest.c >&5
configure:8215: $? = 0
configure:8215: result: yes
configure:8229: checking for dlfcn.h
configure:8229: gcc -c -O2  conftest.c >&5
configure:8229: $? = 0
configure:8229: result: yes
configure:8485: checking for objdir
configure:8500: result: .libs
configure:8764: checking if gcc supports -fno-rtti -fno-exceptions
configure:8782: gcc -c -O2  -fno-rtti -fno-exceptions conftest.c >&5
configure:8786: $? = 0
configure:8799: result: yes
configure:9157: checking for gcc option to produce PIC
configure:9164: result: -fno-common -DPIC
configure:9172: checking if gcc PIC flag -fno-common -DPIC works
configure:9190: gcc -c -O2  -fno-common -DPIC -DPIC conftest.c >&5
configure:9194: $? = 0
configure:9207: result: yes
configure:9236: checking if gcc static flag -static works
configure:9264: result: no
configure:9279: checking if gcc supports -c -o file.o
configure:9300: gcc -c -O2  -o out/conftest2.o conftest.c >&5
configure:9304: $? = 0
configure:9326: result: yes
configure:9334: checking if gcc supports -c -o file.o
configure:9381: result: yes
configure:9414: checking whether the gcc linker (/Applications/Xcode.app/Contents/Developer/Toolchains/XcodeDefault.xctoolchain/usr/bin/ld) supports shared libraries
configure:10673: result: yes
configure:10913: checking dynamic linker characteristics
configure:11731: result: darwin15.0.0 dyld
configure:11853: checking how to hardcode library paths into programs
configure:11878: result: immediate
configure:12426: checking whether stripping libraries is possible
configure:12440: result: yes
configure:12466: checking if libtool supports shared libraries
configure:12468: result: yes
configure:12471: checking whether to build shared libraries
configure:12496: result: yes
configure:12499: checking whether to build static libraries
configure:12503: result: yes
configure:12568: checking whether to enable maintainer-specific portions of Makefiles
configure:12577: result: no
configure:12649: checking for g++
configure:12665: found /usr/bin/g++
configure:12676: result: g++
configure:12703: checking for C++ compiler version
configure:12712: g++ --version >&5
Apple LLVM version 7.3.0 (clang-703.0.31)
Target: x86_64-apple-darwin15.0.0
Thread model: posix
InstalledDir: /Applications/Xcode.app/Contents/Developer/Toolchains/XcodeDefault.xctoolchain/usr/bin
Configured with: --prefix=/Applications/Xcode.app/Contents/Developer/usr --with-gxx-include-dir=/usr/include/c++/4.2.1
configure:12723: $? = 0
configure:12712: g++ -v >&5
Configured with: --prefix=/Applications/Xcode.app/Contents/Developer/usr --with-gxx-include-dir=/usr/include/c++/4.2.1
Apple LLVM version 7.3.0 (clang-703.0.31)
Target: x86_64-apple-darwin15.0.0
Thread model: posix
InstalledDir: /Applications/Xcode.app/Contents/Developer/Toolchains/XcodeDefault.xctoolchain/usr/bin
configure:12723: $? = 0
configure:12712: g++ -V >&5
clang: error: argument to '-V' is missing (expected 1 value)
clang: error: no input files
configure:12723: $? = 1
configure:12712: g++ -qversion >&5
clang: error: unknown argument: '-qversion'
clang: error: no input files
configure:12723: $? = 1
configure:12727: checking whether we are using the GNU C++ compiler
configure:12746: g++ -c -O2  conftest.cpp >&5
configure:12746: $? = 0
configure:12755: result: yes
configure:12764: checking whether g++ accepts -g
configure:12784: g++ -c -g  conftest.cpp >&5
configure:12784: $? = 0
configure:12825: result: yes
configure:12850: checking dependency style of g++
configure:12961: result: gcc3
configure:12994: checking how to run the C++ preprocessor
configure:13021: g++ -E  conftest.cpp
configure:13021: $? = 0
configure:13035: g++ -E  conftest.cpp
conftest.cpp:23:10: fatal error: 'ac_nonexistent.h' file not found
#include <ac_nonexistent.h>
         ^
1 error generated.
configure:13035: $? = 1
configure: failed program was:
| /* confdefs.h */
| #define PACKAGE_NAME "xapian-core-scws"
| #define PACKAGE_TARNAME "xapian-core-scws"
| #define PACKAGE_VERSION "1.2.22"
| #define PACKAGE_STRING "xapian-core-scws 1.2.22"
| #define PACKAGE_BUGREPORT "http://xapian.xungle.com/bugs"
| #define PACKAGE_URL ""
| #define PACKAGE "xapian-core-scws"
| #define VERSION "1.2.22"
| #define STDC_HEADERS 1
| #define HAVE_SYS_TYPES_H 1
| #define HAVE_SYS_STAT_H 1
| #define HAVE_STDLIB_H 1
| #define HAVE_STRING_H 1
| #define HAVE_MEMORY_H 1
| #define HAVE_STRINGS_H 1
| #define HAVE_INTTYPES_H 1
| #define HAVE_STDINT_H 1
| #define HAVE_UNISTD_H 1
| #define HAVE_DLFCN_H 1
| #define LT_OBJDIR ".libs/"
| /* end confdefs.h.  */
| #include <ac_nonexistent.h>
configure:13060: result: g++ -E
configure:13080: g++ -E  conftest.cpp
configure:13080: $? = 0
configure:13094: g++ -E  conftest.cpp
conftest.cpp:23:10: fatal error: 'ac_nonexistent.h' file not found
#include <ac_nonexistent.h>
         ^
1 error generated.
configure:13094: $? = 1
configure: failed program was:
| /* confdefs.h */
| #define PACKAGE_NAME "xapian-core-scws"
| #define PACKAGE_TARNAME "xapian-core-scws"
| #define PACKAGE_VERSION "1.2.22"
| #define PACKAGE_STRING "xapian-core-scws 1.2.22"
| #define PACKAGE_BUGREPORT "http://xapian.xungle.com/bugs"
| #define PACKAGE_URL ""
| #define PACKAGE "xapian-core-scws"
| #define VERSION "1.2.22"
| #define STDC_HEADERS 1
| #define HAVE_SYS_TYPES_H 1
| #define HAVE_SYS_STAT_H 1
| #define HAVE_STDLIB_H 1
| #define HAVE_STRING_H 1
| #define HAVE_MEMORY_H 1
| #define HAVE_STRINGS_H 1
| #define HAVE_INTTYPES_H 1
| #define HAVE_STDINT_H 1
| #define HAVE_UNISTD_H 1
| #define HAVE_DLFCN_H 1
| #define LT_OBJDIR ".libs/"
| /* end confdefs.h.  */
| #include <ac_nonexistent.h>
configure:13256: checking for ld used by g++
configure:13323: result: /Applications/Xcode.app/Contents/Developer/Toolchains/XcodeDefault.xctoolchain/usr/bin/ld
configure:13330: checking if the linker (/Applications/Xcode.app/Contents/Developer/Toolchains/XcodeDefault.xctoolchain/usr/bin/ld) is GNU ld
configure:13345: result: no
configure:13400: checking whether the g++ linker (/Applications/Xcode.app/Contents/Developer/Toolchains/XcodeDefault.xctoolchain/usr/bin/ld) supports shared libraries
configure:14473: result: yes
configure:14509: g++ -c -O2  conftest.cpp >&5
configure:14512: $? = 0
configure:14993: checking for g++ option to produce PIC
configure:15000: result: -fno-common -DPIC
configure:15008: checking if g++ PIC flag -fno-common -DPIC works
configure:15026: g++ -c -O2  -fno-common -DPIC -DPIC conftest.cpp >&5
configure:15030: $? = 0
configure:15043: result: yes
configure:15066: checking if g++ static flag -static works
configure:15094: result: no
configure:15106: checking if g++ supports -c -o file.o
configure:15127: g++ -c -O2  -o out/conftest2.o conftest.cpp >&5
configure:15131: $? = 0
configure:15153: result: yes
configure:15158: checking if g++ supports -c -o file.o
configure:15205: result: yes
configure:15235: checking whether the g++ linker (/Applications/Xcode.app/Contents/Developer/Toolchains/XcodeDefault.xctoolchain/usr/bin/ld) supports shared libraries
configure:15275: result: yes
configure:15416: checking dynamic linker characteristics
configure:16161: result: darwin15.0.0 dyld
configure:16226: checking how to hardcode library paths into programs
configure:16251: result: immediate
configure:16323: checking whether g++ is a working C++ compiler
configure:16353: g++ -o conftest -O2   conftest.cpp  >&5
configure:16353: $? = 0
configure:16353: ./conftest
configure:16353: $? = 0
configure:16365: result: yes
configure:16441: checking for gcc
configure:16468: result: gcc
configure:16697: checking for C compiler version
configure:16706: gcc --version >&5
Apple LLVM version 7.3.0 (clang-703.0.31)
Target: x86_64-apple-darwin15.0.0
Thread model: posix
InstalledDir: /Applications/Xcode.app/Contents/Developer/Toolchains/XcodeDefault.xctoolchain/usr/bin
Configured with: --prefix=/Applications/Xcode.app/Contents/Developer/usr --with-gxx-include-dir=/usr/include/c++/4.2.1
configure:16717: $? = 0
configure:16706: gcc -v >&5
Configured with: --prefix=/Applications/Xcode.app/Contents/Developer/usr --with-gxx-include-dir=/usr/include/c++/4.2.1
Apple LLVM version 7.3.0 (clang-703.0.31)
Target: x86_64-apple-darwin15.0.0
Thread model: posix
InstalledDir: /Applications/Xcode.app/Contents/Developer/Toolchains/XcodeDefault.xctoolchain/usr/bin
configure:16717: $? = 0
configure:16706: gcc -V >&5
clang: error: argument to '-V' is missing (expected 1 value)
clang: error: no input files
configure:16717: $? = 1
configure:16706: gcc -qversion >&5
clang: error: unknown argument: '-qversion'
clang: error: no input files
configure:16717: $? = 1
configure:16721: checking whether we are using the GNU C compiler
configure:16749: result: yes
configure:16758: checking whether gcc accepts -g
configure:16819: result: yes
configure:16836: checking for gcc option to accept ISO C89
configure:16912: result: none needed
configure:16934: checking dependency style of gcc
configure:17045: result: gcc3
configure:17084: checking for special C compiler options needed for large files
configure:17129: result: no
configure:17135: checking for _FILE_OFFSET_BITS value needed for large files
configure:17160: g++ -c -O2  conftest.cpp >&5
configure:17160: $? = 0
configure:17192: result: no
configure:17326: checking for g++ options to enable ISO C++ mode
configure:17330: result: none required
configure:17482: checking if -lm is required for maths functions
configure:17504: g++ -o conftest -O2   conftest.cpp  >&5
configure:17504: $? = 0
configure:17505: result: no
configure:17540: checking if RTTI is supported
configure:17557: g++ -c -O2 -qhaltonmsg=1540-2412  conftest.cpp >&5
clang: error: unknown argument: '-qhaltonmsg=1540-2412'
configure:17557: $? = 1
configure: failed program was:
| /* confdefs.h */
| #define PACKAGE_NAME "xapian-core-scws"
| #define PACKAGE_TARNAME "xapian-core-scws"
| #define PACKAGE_VERSION "1.2.22"
| #define PACKAGE_STRING "xapian-core-scws 1.2.22"
| #define PACKAGE_BUGREPORT "http://xapian.xungle.com/bugs"
| #define PACKAGE_URL ""
| #define PACKAGE "xapian-core-scws"
| #define VERSION "1.2.22"
| #define STDC_HEADERS 1
| #define HAVE_SYS_TYPES_H 1
| #define HAVE_SYS_STAT_H 1
| #define HAVE_STDLIB_H 1
| #define HAVE_STRING_H 1
| #define HAVE_MEMORY_H 1
| #define HAVE_STRINGS_H 1
| #define HAVE_INTTYPES_H 1
| #define HAVE_STDINT_H 1
| #define HAVE_UNISTD_H 1
| #define HAVE_DLFCN_H 1
| #define LT_OBJDIR ".libs/"
| /* end confdefs.h.  */
| 
| int
| main ()
| {
| 
|   ;
|   return 0;
| }
configure:17586: g++ -c -O2  conftest.cpp >&5
conftest.cpp:30:7: warning: empty parentheses interpreted as a function declaration [-Wvexing-parse]
        int f();
             ^~
conftest.cpp:30:7: note: replace parentheses with an initializer to declare a variable
        int f();
             ^~
              = 0
1 warning generated.
configure:17586: $? = 0
configure:17587: result: yes
configure:17602: checking for sleep
configure:17602: g++ -o conftest -O2   conftest.cpp  >&5
configure:17602: $? = 0
configure:17602: result: yes
configure:17602: checking for gettimeofday
configure:17602: g++ -o conftest -O2   conftest.cpp  >&5
configure:17602: $? = 0
configure:17602: result: yes
configure:17602: checking for ftime
configure:17602: g++ -o conftest -O2   conftest.cpp  >&5
configure:17602: $? = 0
configure:17602: result: yes
configure:17626: checking for srandom
configure:17626: g++ -o conftest -O2   conftest.cpp  >&5
configure:17626: $? = 0
configure:17626: result: yes
configure:17626: checking for random
configure:17626: g++ -o conftest -O2   conftest.cpp  >&5
configure:17626: $? = 0
configure:17626: result: yes
configure:17638: checking for sigaction
configure:17638: g++ -o conftest -O2   conftest.cpp  >&5
configure:17638: $? = 0
configure:17638: result: yes
configure:17647: checking for sigsetjmp and siglongjmp
configure:17660: g++ -c -O2  conftest.cpp >&5
configure:17660: $? = 0
configure:17664: result: yes
configure:17675: checking for getrusage
configure:17675: g++ -o conftest -O2   conftest.cpp  >&5
configure:17675: $? = 0
configure:17675: result: yes
configure:17675: checking for times
configure:17675: g++ -o conftest -O2   conftest.cpp  >&5
configure:17675: $? = 0
configure:17675: result: yes
configure:17675: checking for sysconf
configure:17675: g++ -o conftest -O2   conftest.cpp  >&5
configure:17675: $? = 0
configure:17675: result: yes
configure:17688: checking for setenv
configure:17688: g++ -o conftest -O2   conftest.cpp  >&5
configure:17688: $? = 0
configure:17688: result: yes
configure:17688: checking for _putenv_s
configure:17688: g++ -o conftest -O2   conftest.cpp  >&5
Undefined symbols for architecture x86_64:
  "__putenv_s", referenced from:
      _main in conftest-6cc473.o
ld: symbol(s) not found for architecture x86_64
clang: error: linker command failed with exit code 1 (use -v to see invocation)
configure:17688: $? = 1
configure: failed program was:
| /* confdefs.h */
| #define PACKAGE_NAME "xapian-core-scws"
| #define PACKAGE_TARNAME "xapian-core-scws"
| #define PACKAGE_VERSION "1.2.22"
| #define PACKAGE_STRING "xapian-core-scws 1.2.22"
| #define PACKAGE_BUGREPORT "http://xapian.xungle.com/bugs"
| #define PACKAGE_URL ""
| #define PACKAGE "xapian-core-scws"
| #define VERSION "1.2.22"
| #define STDC_HEADERS 1
| #define HAVE_SYS_TYPES_H 1
| #define HAVE_SYS_STAT_H 1
| #define HAVE_STDLIB_H 1
| #define HAVE_STRING_H 1
| #define HAVE_MEMORY_H 1
| #define HAVE_STRINGS_H 1
| #define HAVE_INTTYPES_H 1
| #define HAVE_STDINT_H 1
| #define HAVE_UNISTD_H 1
| #define HAVE_DLFCN_H 1
| #define LT_OBJDIR ".libs/"
| #define USE_RTTI 1
| #define HAVE_SLEEP 1
| #define HAVE_GETTIMEOFDAY 1
| #define HAVE_FTIME 1
| #define HAVE_SRANDOM 1
| #define HAVE_RANDOM 1
| #define HAVE_SIGACTION 1
| #define HAVE_SIGSETJMP 1
| #define HAVE_GETRUSAGE 1
| #define HAVE_TIMES 1
| #define HAVE_SYSCONF 1
| #define HAVE_SETENV 1
| /* end confdefs.h.  */
| /* Define _putenv_s to an innocuous variant, in case <limits.h> declares _putenv_s.
|    For example, HP-UX 11i <limits.h> declares gettimeofday.  */
| #define _putenv_s innocuous__putenv_s
| 
| /* System header to define __stub macros and hopefully few prototypes,
|     which can conflict with char _putenv_s (); below.
|     Prefer <limits.h> to <assert.h> if __STDC__ is defined, since
|     <limits.h> exists even on freestanding compilers.  */
| 
| #ifdef __STDC__
| # include <limits.h>
| #else
| # include <assert.h>
| #endif
| 
| #undef _putenv_s
| 
| /* Override any GCC internal prototype to avoid an error.
|    Use char because int might match the return type of a GCC
|    builtin and then its argument prototype would still apply.  */
| #ifdef __cplusplus
| extern "C"
| #endif
| char _putenv_s ();
| /* The GNU C library defines this for functions which it implements
|     to always fail with ENOSYS.  Some functions are actually named
|     something starting with __ and the normal name is an alias.  */
| #if defined __stub__putenv_s || defined __stub____putenv_s
| choke me
| #endif
| 
| int
| main ()
| {
| return _putenv_s ();
|   ;
|   return 0;
| }
configure:17688: result: no
configure:17701: checking for closefrom
configure:17701: g++ -o conftest -O2   conftest.cpp  >&5
Undefined symbols for architecture x86_64:
  "_closefrom", referenced from:
      _main in conftest-10c7d1.o
ld: symbol(s) not found for architecture x86_64
clang: error: linker command failed with exit code 1 (use -v to see invocation)
configure:17701: $? = 1
configure: failed program was:
| /* confdefs.h */
| #define PACKAGE_NAME "xapian-core-scws"
| #define PACKAGE_TARNAME "xapian-core-scws"
| #define PACKAGE_VERSION "1.2.22"
| #define PACKAGE_STRING "xapian-core-scws 1.2.22"
| #define PACKAGE_BUGREPORT "http://xapian.xungle.com/bugs"
| #define PACKAGE_URL ""
| #define PACKAGE "xapian-core-scws"
| #define VERSION "1.2.22"
| #define STDC_HEADERS 1
| #define HAVE_SYS_TYPES_H 1
| #define HAVE_SYS_STAT_H 1
| #define HAVE_STDLIB_H 1
| #define HAVE_STRING_H 1
| #define HAVE_MEMORY_H 1
| #define HAVE_STRINGS_H 1
| #define HAVE_INTTYPES_H 1
| #define HAVE_STDINT_H 1
| #define HAVE_UNISTD_H 1
| #define HAVE_DLFCN_H 1
| #define LT_OBJDIR ".libs/"
| #define USE_RTTI 1
| #define HAVE_SLEEP 1
| #define HAVE_GETTIMEOFDAY 1
| #define HAVE_FTIME 1
| #define HAVE_SRANDOM 1
| #define HAVE_RANDOM 1
| #define HAVE_SIGACTION 1
| #define HAVE_SIGSETJMP 1
| #define HAVE_GETRUSAGE 1
| #define HAVE_TIMES 1
| #define HAVE_SYSCONF 1
| #define HAVE_SETENV 1
| /* end confdefs.h.  */
| /* Define closefrom to an innocuous variant, in case <limits.h> declares closefrom.
|    For example, HP-UX 11i <limits.h> declares gettimeofday.  */
| #define closefrom innocuous_closefrom
| 
| /* System header to define __stub macros and hopefully few prototypes,
|     which can conflict with char closefrom (); below.
|     Prefer <limits.h> to <assert.h> if __STDC__ is defined, since
|     <limits.h> exists even on freestanding compilers.  */
| 
| #ifdef __STDC__
| # include <limits.h>
| #else
| # include <assert.h>
| #endif
| 
| #undef closefrom
| 
| /* Override any GCC internal prototype to avoid an error.
|    Use char because int might match the return type of a GCC
|    builtin and then its argument prototype would still apply.  */
| #ifdef __cplusplus
| extern "C"
| #endif
| char closefrom ();
| /* The GNU C library defines this for functions which it implements
|     to always fail with ENOSYS.  Some functions are actually named
|     something starting with __ and the normal name is an alias.  */
| #if defined __stub_closefrom || defined __stub___closefrom
| choke me
| #endif
| 
| int
| main ()
| {
| return closefrom ();
|   ;
|   return 0;
| }
configure:17701: result: no
configure:17701: checking for dirfd
configure:17701: g++ -o conftest -O2   conftest.cpp  >&5
configure:17701: $? = 0
configure:17701: result: yes
configure:17701: checking for getrlimit
configure:17701: g++ -o conftest -O2   conftest.cpp  >&5
configure:17701: $? = 0
configure:17701: result: yes
configure:17711: checking return type of ftime
configure:17725: g++ -c -O2  conftest.cpp >&5
configure:17725: $? = 0
configure:17726: result: int
configure:17740: checking for sys/utsname.h
configure:17740: g++ -c -O2  conftest.cpp >&5
configure:17740: $? = 0
configure:17740: result: yes
configure:17753: checking for gethostname
configure:17753: g++ -o conftest -O2   conftest.cpp  >&5
configure:17753: $? = 0
configure:17753: result: yes
configure:17763: checking for ssize_t
configure:17763: g++ -c -O2  conftest.cpp >&5
configure:17763: $? = 0
configure:17763: g++ -c -O2  conftest.cpp >&5
conftest.cpp:75:22: error: expected expression
if (sizeof ((ssize_t)))
                     ^
1 error generated.
configure:17763: $? = 1
configure: failed program was:
| /* confdefs.h */
| #define PACKAGE_NAME "xapian-core-scws"
| #define PACKAGE_TARNAME "xapian-core-scws"
| #define PACKAGE_VERSION "1.2.22"
| #define PACKAGE_STRING "xapian-core-scws 1.2.22"
| #define PACKAGE_BUGREPORT "http://xapian.xungle.com/bugs"
| #define PACKAGE_URL ""
| #define PACKAGE "xapian-core-scws"
| #define VERSION "1.2.22"
| #define STDC_HEADERS 1
| #define HAVE_SYS_TYPES_H 1
| #define HAVE_SYS_STAT_H 1
| #define HAVE_STDLIB_H 1
| #define HAVE_STRING_H 1
| #define HAVE_MEMORY_H 1
| #define HAVE_STRINGS_H 1
| #define HAVE_INTTYPES_H 1
| #define HAVE_STDINT_H 1
| #define HAVE_UNISTD_H 1
| #define HAVE_DLFCN_H 1
| #define LT_OBJDIR ".libs/"
| #define USE_RTTI 1
| #define HAVE_SLEEP 1
| #define HAVE_GETTIMEOFDAY 1
| #define HAVE_FTIME 1
| #define HAVE_SRANDOM 1
| #define HAVE_RANDOM 1
| #define HAVE_SIGACTION 1
| #define HAVE_SIGSETJMP 1
| #define HAVE_GETRUSAGE 1
| #define HAVE_TIMES 1
| #define HAVE_SYSCONF 1
| #define HAVE_SETENV 1
| #define HAVE_DIRFD 1
| #define HAVE_GETRLIMIT 1
| #define HAVE_SYS_UTSNAME_H 1
| #define HAVE_GETHOSTNAME 1
| /* end confdefs.h.  */
| #include <stdio.h>
| #ifdef HAVE_SYS_TYPES_H
| # include <sys/types.h>
| #endif
| #ifdef HAVE_SYS_STAT_H
| # include <sys/stat.h>
| #endif
| #ifdef STDC_HEADERS
| # include <stdlib.h>
| # include <stddef.h>
| #else
| # ifdef HAVE_STDLIB_H
| #  include <stdlib.h>
| # endif
| #endif
| #ifdef HAVE_STRING_H
| # if !defined STDC_HEADERS && defined HAVE_MEMORY_H
| #  include <memory.h>
| # endif
| # include <string.h>
| #endif
| #ifdef HAVE_STRINGS_H
| # include <strings.h>
| #endif
| #ifdef HAVE_INTTYPES_H
| # include <inttypes.h>
| #endif
| #ifdef HAVE_STDINT_H
| # include <stdint.h>
| #endif
| #ifdef HAVE_UNISTD_H
| # include <unistd.h>
| #endif
| int
| main ()
| {
| if (sizeof ((ssize_t)))
| 	    return 0;
|   ;
|   return 0;
| }
configure:17763: result: yes
configure:17775: checking for pid_t
configure:17775: g++ -c -O2  conftest.cpp >&5
configure:17775: $? = 0
configure:17775: g++ -c -O2  conftest.cpp >&5
conftest.cpp:75:20: error: expected expression
if (sizeof ((pid_t)))
                   ^
1 error generated.
configure:17775: $? = 1
configure: failed program was:
| /* confdefs.h */
| #define PACKAGE_NAME "xapian-core-scws"
| #define PACKAGE_TARNAME "xapian-core-scws"
| #define PACKAGE_VERSION "1.2.22"
| #define PACKAGE_STRING "xapian-core-scws 1.2.22"
| #define PACKAGE_BUGREPORT "http://xapian.xungle.com/bugs"
| #define PACKAGE_URL ""
| #define PACKAGE "xapian-core-scws"
| #define VERSION "1.2.22"
| #define STDC_HEADERS 1
| #define HAVE_SYS_TYPES_H 1
| #define HAVE_SYS_STAT_H 1
| #define HAVE_STDLIB_H 1
| #define HAVE_STRING_H 1
| #define HAVE_MEMORY_H 1
| #define HAVE_STRINGS_H 1
| #define HAVE_INTTYPES_H 1
| #define HAVE_STDINT_H 1
| #define HAVE_UNISTD_H 1
| #define HAVE_DLFCN_H 1
| #define LT_OBJDIR ".libs/"
| #define USE_RTTI 1
| #define HAVE_SLEEP 1
| #define HAVE_GETTIMEOFDAY 1
| #define HAVE_FTIME 1
| #define HAVE_SRANDOM 1
| #define HAVE_RANDOM 1
| #define HAVE_SIGACTION 1
| #define HAVE_SIGSETJMP 1
| #define HAVE_GETRUSAGE 1
| #define HAVE_TIMES 1
| #define HAVE_SYSCONF 1
| #define HAVE_SETENV 1
| #define HAVE_DIRFD 1
| #define HAVE_GETRLIMIT 1
| #define HAVE_SYS_UTSNAME_H 1
| #define HAVE_GETHOSTNAME 1
| /* end confdefs.h.  */
| #include <stdio.h>
| #ifdef HAVE_SYS_TYPES_H
| # include <sys/types.h>
| #endif
| #ifdef HAVE_SYS_STAT_H
| # include <sys/stat.h>
| #endif
| #ifdef STDC_HEADERS
| # include <stdlib.h>
| # include <stddef.h>
| #else
| # ifdef HAVE_STDLIB_H
| #  include <stdlib.h>
| # endif
| #endif
| #ifdef HAVE_STRING_H
| # if !defined STDC_HEADERS && defined HAVE_MEMORY_H
| #  include <memory.h>
| # endif
| # include <string.h>
| #endif
| #ifdef HAVE_STRINGS_H
| # include <strings.h>
| #endif
| #ifdef HAVE_INTTYPES_H
| # include <inttypes.h>
| #endif
| #ifdef HAVE_STDINT_H
| # include <stdint.h>
| #endif
| #ifdef HAVE_UNISTD_H
| # include <unistd.h>
| #endif
| int
| main ()
| {
| if (sizeof ((pid_t)))
| 	    return 0;
|   ;
|   return 0;
| }
configure:17775: result: yes
configure:17787: checking for mode_t
configure:17787: g++ -c -O2  conftest.cpp >&5
configure:17787: $? = 0
configure:17787: g++ -c -O2  conftest.cpp >&5
conftest.cpp:75:21: error: expected expression
if (sizeof ((mode_t)))
                    ^
1 error generated.
configure:17787: $? = 1
configure: failed program was:
| /* confdefs.h */
| #define PACKAGE_NAME "xapian-core-scws"
| #define PACKAGE_TARNAME "xapian-core-scws"
| #define PACKAGE_VERSION "1.2.22"
| #define PACKAGE_STRING "xapian-core-scws 1.2.22"
| #define PACKAGE_BUGREPORT "http://xapian.xungle.com/bugs"
| #define PACKAGE_URL ""
| #define PACKAGE "xapian-core-scws"
| #define VERSION "1.2.22"
| #define STDC_HEADERS 1
| #define HAVE_SYS_TYPES_H 1
| #define HAVE_SYS_STAT_H 1
| #define HAVE_STDLIB_H 1
| #define HAVE_STRING_H 1
| #define HAVE_MEMORY_H 1
| #define HAVE_STRINGS_H 1
| #define HAVE_INTTYPES_H 1
| #define HAVE_STDINT_H 1
| #define HAVE_UNISTD_H 1
| #define HAVE_DLFCN_H 1
| #define LT_OBJDIR ".libs/"
| #define USE_RTTI 1
| #define HAVE_SLEEP 1
| #define HAVE_GETTIMEOFDAY 1
| #define HAVE_FTIME 1
| #define HAVE_SRANDOM 1
| #define HAVE_RANDOM 1
| #define HAVE_SIGACTION 1
| #define HAVE_SIGSETJMP 1
| #define HAVE_GETRUSAGE 1
| #define HAVE_TIMES 1
| #define HAVE_SYSCONF 1
| #define HAVE_SETENV 1
| #define HAVE_DIRFD 1
| #define HAVE_GETRLIMIT 1
| #define HAVE_SYS_UTSNAME_H 1
| #define HAVE_GETHOSTNAME 1
| /* end confdefs.h.  */
| #include <stdio.h>
| #ifdef HAVE_SYS_TYPES_H
| # include <sys/types.h>
| #endif
| #ifdef HAVE_SYS_STAT_H
| # include <sys/stat.h>
| #endif
| #ifdef STDC_HEADERS
| # include <stdlib.h>
| # include <stddef.h>
| #else
| # ifdef HAVE_STDLIB_H
| #  include <stdlib.h>
| # endif
| #endif
| #ifdef HAVE_STRING_H
| # if !defined STDC_HEADERS && defined HAVE_MEMORY_H
| #  include <memory.h>
| # endif
| # include <string.h>
| #endif
| #ifdef HAVE_STRINGS_H
| # include <strings.h>
| #endif
| #ifdef HAVE_INTTYPES_H
| # include <inttypes.h>
| #endif
| #ifdef HAVE_STDINT_H
| # include <stdint.h>
| #endif
| #ifdef HAVE_UNISTD_H
| # include <unistd.h>
| #endif
| int
| main ()
| {
| if (sizeof ((mode_t)))
| 	    return 0;
|   ;
|   return 0;
| }
configure:17787: result: yes
configure:17803: checking size of int
configure:17808: g++ -o conftest -O2   conftest.cpp  >&5
configure:17808: $? = 0
configure:17808: ./conftest
configure:17808: $? = 0
configure:17822: result: 4
configure:17836: checking size of long
configure:17841: g++ -o conftest -O2   conftest.cpp  >&5
configure:17841: $? = 0
configure:17841: ./conftest
configure:17841: $? = 0
configure:17855: result: 8
configure:17869: checking size of long long
configure:17874: g++ -o conftest -O2   conftest.cpp  >&5
configure:17874: $? = 0
configure:17874: ./conftest
configure:17874: $? = 0
configure:17888: result: 8
configure:17902: checking for sys/types.h
configure:17902: result: yes
configure:17916: checking size of off_t
configure:17921: g++ -o conftest -O2   conftest.cpp  >&5
configure:17921: $? = 0
configure:17921: ./conftest
configure:17921: $? = 0
configure:17935: result: 8
configure:17946: checking for 32 bit integer type
configure:17957: result: int
configure:17960: checking for 64 bit integer type
configure:17971: result: long
configure:17974: checking for unsigned equivalent of off_t
configure:17990: result: unsigned long
configure:17995: checking for perl
configure:18013: found /usr/bin/perl
configure:18025: result: /usr/bin/perl
configure:18334: checking for fcntl.h
configure:18334: g++ -c -O2  conftest.cpp >&5
configure:18334: $? = 0
configure:18334: result: yes
configure:18334: checking for limits.h
configure:18334: g++ -c -O2  conftest.cpp >&5
configure:18334: $? = 0
configure:18334: result: yes
configure:18334: checking for sys/errno.h
configure:18334: g++ -c -O2  conftest.cpp >&5
configure:18334: $? = 0
configure:18334: result: yes
configure:18334: checking for sys/select.h
configure:18334: g++ -c -O2  conftest.cpp >&5
configure:18334: $? = 0
configure:18334: result: yes
configure:18347: checking for sys/resource.h
configure:18347: g++ -c -O2  conftest.cpp >&5
configure:18347: $? = 0
configure:18347: result: yes
configure:18362: checking for valgrind
configure:18395: result: no
configure:18452: checking for eatmydata
configure:18485: result: no
configure:18492: checking for working memcmp
configure:18535: g++ -o conftest -O2   conftest.cpp  >&5
configure:18535: $? = 0
configure:18535: ./conftest
configure:18535: $? = 0
configure:18545: result: yes
configure:18556: checking for hstrerror
configure:18556: g++ -o conftest -O2   conftest.cpp  >&5
configure:18556: $? = 0
configure:18556: result: yes
configure:18565: checking whether strerror_r is declared
configure:18565: g++ -c -O2  conftest.cpp >&5
configure:18565: $? = 0
configure:18565: result: yes
configure:18578: checking for strerror_r
configure:18578: g++ -o conftest -O2   conftest.cpp  >&5
configure:18578: $? = 0
configure:18578: result: yes
configure:18587: checking whether strerror_r returns char *
configure:18611: g++ -c -O2  conftest.cpp >&5
conftest.cpp:91:13: error: indirection requires pointer operand ('int' invalid)
          char x = *strerror_r (0, buf, sizeof buf);
                   ^~~~~~~~~~~~~~~~~~~~~~~~~~~~~~~~
conftest.cpp:92:10: error: cannot initialize a variable of type 'char *' with an rvalue of type 'int'
          char *p = strerror_r (0, buf, sizeof buf);
                ^   ~~~~~~~~~~~~~~~~~~~~~~~~~~~~~~~
2 errors generated.
configure:18611: $? = 1
configure: failed program was:
| /* confdefs.h */
| #define PACKAGE_NAME "xapian-core-scws"
| #define PACKAGE_TARNAME "xapian-core-scws"
| #define PACKAGE_VERSION "1.2.22"
| #define PACKAGE_STRING "xapian-core-scws 1.2.22"
| #define PACKAGE_BUGREPORT "http://xapian.xungle.com/bugs"
| #define PACKAGE_URL ""
| #define PACKAGE "xapian-core-scws"
| #define VERSION "1.2.22"
| #define STDC_HEADERS 1
| #define HAVE_SYS_TYPES_H 1
| #define HAVE_SYS_STAT_H 1
| #define HAVE_STDLIB_H 1
| #define HAVE_STRING_H 1
| #define HAVE_MEMORY_H 1
| #define HAVE_STRINGS_H 1
| #define HAVE_INTTYPES_H 1
| #define HAVE_STDINT_H 1
| #define HAVE_UNISTD_H 1
| #define HAVE_DLFCN_H 1
| #define LT_OBJDIR ".libs/"
| #define USE_RTTI 1
| #define HAVE_SLEEP 1
| #define HAVE_GETTIMEOFDAY 1
| #define HAVE_FTIME 1
| #define HAVE_SRANDOM 1
| #define HAVE_RANDOM 1
| #define HAVE_SIGACTION 1
| #define HAVE_SIGSETJMP 1
| #define HAVE_GETRUSAGE 1
| #define HAVE_TIMES 1
| #define HAVE_SYSCONF 1
| #define HAVE_SETENV 1
| #define HAVE_DIRFD 1
| #define HAVE_GETRLIMIT 1
| #define HAVE_SYS_UTSNAME_H 1
| #define HAVE_GETHOSTNAME 1
| #define SIZEOF_INT 4
| #define SIZEOF_LONG 8
| #define SIZEOF_LONG_LONG 8
| #define HAVE_SYS_TYPES_H 1
| #define SIZEOF_OFF_T 8
| #define UNSIGNED_OFF_T unsigned long
| #define HAVE_FCNTL_H 1
| #define HAVE_LIMITS_H 1
| #define HAVE_SYS_ERRNO_H 1
| #define HAVE_SYS_SELECT_H 1
| #define HAVE_SYS_RESOURCE_H 1
| #define HAVE_HSTRERROR 1
| #define HAVE_DECL_STRERROR_R 1
| #define HAVE_STRERROR_R 1
| /* end confdefs.h.  */
| #include <stdio.h>
| #ifdef HAVE_SYS_TYPES_H
| # include <sys/types.h>
| #endif
| #ifdef HAVE_SYS_STAT_H
| # include <sys/stat.h>
| #endif
| #ifdef STDC_HEADERS
| # include <stdlib.h>
| # include <stddef.h>
| #else
| # ifdef HAVE_STDLIB_H
| #  include <stdlib.h>
| # endif
| #endif
| #ifdef HAVE_STRING_H
| # if !defined STDC_HEADERS && defined HAVE_MEMORY_H
| #  include <memory.h>
| # endif
| # include <string.h>
| #endif
| #ifdef HAVE_STRINGS_H
| # include <strings.h>
| #endif
| #ifdef HAVE_INTTYPES_H
| # include <inttypes.h>
| #endif
| #ifdef HAVE_STDINT_H
| # include <stdint.h>
| #endif
| #ifdef HAVE_UNISTD_H
| # include <unistd.h>
| #endif
| int
| main ()
| {
| 
| 	  char buf[100];
| 	  char x = *strerror_r (0, buf, sizeof buf);
| 	  char *p = strerror_r (0, buf, sizeof buf);
| 	  return !p || x;
| 
|   ;
|   return 0;
| }
configure:18649: result: no
configure:18657: checking whether sys_errlist is declared
configure:18657: g++ -c -O2  conftest.cpp >&5
configure:18657: $? = 0
configure:18657: result: yes
configure:18667: checking whether _sys_errlist is declared
configure:18667: g++ -c -O2  conftest.cpp >&5
conftest.cpp:92:10: error: use of undeclared identifier '_sys_errlist'
  (void) _sys_errlist;
         ^
1 error generated.
configure:18667: $? = 1
configure: failed program was:
| /* confdefs.h */
| #define PACKAGE_NAME "xapian-core-scws"
| #define PACKAGE_TARNAME "xapian-core-scws"
| #define PACKAGE_VERSION "1.2.22"
| #define PACKAGE_STRING "xapian-core-scws 1.2.22"
| #define PACKAGE_BUGREPORT "http://xapian.xungle.com/bugs"
| #define PACKAGE_URL ""
| #define PACKAGE "xapian-core-scws"
| #define VERSION "1.2.22"
| #define STDC_HEADERS 1
| #define HAVE_SYS_TYPES_H 1
| #define HAVE_SYS_STAT_H 1
| #define HAVE_STDLIB_H 1
| #define HAVE_STRING_H 1
| #define HAVE_MEMORY_H 1
| #define HAVE_STRINGS_H 1
| #define HAVE_INTTYPES_H 1
| #define HAVE_STDINT_H 1
| #define HAVE_UNISTD_H 1
| #define HAVE_DLFCN_H 1
| #define LT_OBJDIR ".libs/"
| #define USE_RTTI 1
| #define HAVE_SLEEP 1
| #define HAVE_GETTIMEOFDAY 1
| #define HAVE_FTIME 1
| #define HAVE_SRANDOM 1
| #define HAVE_RANDOM 1
| #define HAVE_SIGACTION 1
| #define HAVE_SIGSETJMP 1
| #define HAVE_GETRUSAGE 1
| #define HAVE_TIMES 1
| #define HAVE_SYSCONF 1
| #define HAVE_SETENV 1
| #define HAVE_DIRFD 1
| #define HAVE_GETRLIMIT 1
| #define HAVE_SYS_UTSNAME_H 1
| #define HAVE_GETHOSTNAME 1
| #define SIZEOF_INT 4
| #define SIZEOF_LONG 8
| #define SIZEOF_LONG_LONG 8
| #define HAVE_SYS_TYPES_H 1
| #define SIZEOF_OFF_T 8
| #define UNSIGNED_OFF_T unsigned long
| #define HAVE_FCNTL_H 1
| #define HAVE_LIMITS_H 1
| #define HAVE_SYS_ERRNO_H 1
| #define HAVE_SYS_SELECT_H 1
| #define HAVE_SYS_RESOURCE_H 1
| #define HAVE_HSTRERROR 1
| #define HAVE_DECL_STRERROR_R 1
| #define HAVE_STRERROR_R 1
| #define HAVE_DECL_SYS_ERRLIST 1
| /* end confdefs.h.  */
| #include <stdio.h>
| #ifdef HAVE_SYS_TYPES_H
| # include <sys/types.h>
| #endif
| #ifdef HAVE_SYS_STAT_H
| # include <sys/stat.h>
| #endif
| #ifdef STDC_HEADERS
| # include <stdlib.h>
| # include <stddef.h>
| #else
| # ifdef HAVE_STDLIB_H
| #  include <stdlib.h>
| # endif
| #endif
| #ifdef HAVE_STRING_H
| # if !defined STDC_HEADERS && defined HAVE_MEMORY_H
| #  include <memory.h>
| # endif
| # include <string.h>
| #endif
| #ifdef HAVE_STRINGS_H
| # include <strings.h>
| #endif
| #ifdef HAVE_INTTYPES_H
| # include <inttypes.h>
| #endif
| #ifdef HAVE_STDINT_H
| # include <stdint.h>
| #endif
| #ifdef HAVE_UNISTD_H
| # include <unistd.h>
| #endif
| int
| main ()
| {
| #ifndef _sys_errlist
| #ifdef __cplusplus
|   (void) _sys_errlist;
| #else
|   (void) _sys_errlist;
| #endif
| #endif
| 
|   ;
|   return 0;
| }
configure:18667: result: no
configure:18677: checking whether sys_nerr is declared
configure:18677: g++ -c -O2  conftest.cpp >&5
configure:18677: $? = 0
configure:18677: result: yes
configure:18687: checking whether _sys_nerr is declared
configure:18687: g++ -c -O2  conftest.cpp >&5
conftest.cpp:94:10: error: use of undeclared identifier '_sys_nerr'
  (void) _sys_nerr;
         ^
1 error generated.
configure:18687: $? = 1
configure: failed program was:
| /* confdefs.h */
| #define PACKAGE_NAME "xapian-core-scws"
| #define PACKAGE_TARNAME "xapian-core-scws"
| #define PACKAGE_VERSION "1.2.22"
| #define PACKAGE_STRING "xapian-core-scws 1.2.22"
| #define PACKAGE_BUGREPORT "http://xapian.xungle.com/bugs"
| #define PACKAGE_URL ""
| #define PACKAGE "xapian-core-scws"
| #define VERSION "1.2.22"
| #define STDC_HEADERS 1
| #define HAVE_SYS_TYPES_H 1
| #define HAVE_SYS_STAT_H 1
| #define HAVE_STDLIB_H 1
| #define HAVE_STRING_H 1
| #define HAVE_MEMORY_H 1
| #define HAVE_STRINGS_H 1
| #define HAVE_INTTYPES_H 1
| #define HAVE_STDINT_H 1
| #define HAVE_UNISTD_H 1
| #define HAVE_DLFCN_H 1
| #define LT_OBJDIR ".libs/"
| #define USE_RTTI 1
| #define HAVE_SLEEP 1
| #define HAVE_GETTIMEOFDAY 1
| #define HAVE_FTIME 1
| #define HAVE_SRANDOM 1
| #define HAVE_RANDOM 1
| #define HAVE_SIGACTION 1
| #define HAVE_SIGSETJMP 1
| #define HAVE_GETRUSAGE 1
| #define HAVE_TIMES 1
| #define HAVE_SYSCONF 1
| #define HAVE_SETENV 1
| #define HAVE_DIRFD 1
| #define HAVE_GETRLIMIT 1
| #define HAVE_SYS_UTSNAME_H 1
| #define HAVE_GETHOSTNAME 1
| #define SIZEOF_INT 4
| #define SIZEOF_LONG 8
| #define SIZEOF_LONG_LONG 8
| #define HAVE_SYS_TYPES_H 1
| #define SIZEOF_OFF_T 8
| #define UNSIGNED_OFF_T unsigned long
| #define HAVE_FCNTL_H 1
| #define HAVE_LIMITS_H 1
| #define HAVE_SYS_ERRNO_H 1
| #define HAVE_SYS_SELECT_H 1
| #define HAVE_SYS_RESOURCE_H 1
| #define HAVE_HSTRERROR 1
| #define HAVE_DECL_STRERROR_R 1
| #define HAVE_STRERROR_R 1
| #define HAVE_DECL_SYS_ERRLIST 1
| #define HAVE_DECL__SYS_ERRLIST 0
| #define HAVE_DECL_SYS_NERR 1
| /* end confdefs.h.  */
| #include <stdio.h>
| #ifdef HAVE_SYS_TYPES_H
| # include <sys/types.h>
| #endif
| #ifdef HAVE_SYS_STAT_H
| # include <sys/stat.h>
| #endif
| #ifdef STDC_HEADERS
| # include <stdlib.h>
| # include <stddef.h>
| #else
| # ifdef HAVE_STDLIB_H
| #  include <stdlib.h>
| # endif
| #endif
| #ifdef HAVE_STRING_H
| # if !defined STDC_HEADERS && defined HAVE_MEMORY_H
| #  include <memory.h>
| # endif
| # include <string.h>
| #endif
| #ifdef HAVE_STRINGS_H
| # include <strings.h>
| #endif
| #ifdef HAVE_INTTYPES_H
| # include <inttypes.h>
| #endif
| #ifdef HAVE_STDINT_H
| # include <stdint.h>
| #endif
| #ifdef HAVE_UNISTD_H
| # include <unistd.h>
| #endif
| int
| main ()
| {
| #ifndef _sys_nerr
| #ifdef __cplusplus
|   (void) _sys_nerr;
| #else
|   (void) _sys_nerr;
| #endif
| #endif
| 
|   ;
|   return 0;
| }
configure:18687: result: no
configure:18699: checking for working ISO C90 conforming snprintf
configure:18733: g++ -o conftest -O2   conftest.cpp  >&5
configure:18733: $? = 0
configure:18733: ./conftest
configure:18733: $? = 0
configure:18748: result: snprintf
configure:18864: checking for zlib.h
configure:18864: g++ -c -O2  conftest.cpp >&5
configure:18864: $? = 0
configure:18864: result: yes
configure:18881: checking for library containing zlibVersion
configure:18912: g++ -o conftest -O2   conftest.cpp  >&5
Undefined symbols for architecture x86_64:
  "_zlibVersion", referenced from:
      _main in conftest-008096.o
ld: symbol(s) not found for architecture x86_64
clang: error: linker command failed with exit code 1 (use -v to see invocation)
configure:18912: $? = 1
configure: failed program was:
| /* confdefs.h */
| #define PACKAGE_NAME "xapian-core-scws"
| #define PACKAGE_TARNAME "xapian-core-scws"
| #define PACKAGE_VERSION "1.2.22"
| #define PACKAGE_STRING "xapian-core-scws 1.2.22"
| #define PACKAGE_BUGREPORT "http://xapian.xungle.com/bugs"
| #define PACKAGE_URL ""
| #define PACKAGE "xapian-core-scws"
| #define VERSION "1.2.22"
| #define STDC_HEADERS 1
| #define HAVE_SYS_TYPES_H 1
| #define HAVE_SYS_STAT_H 1
| #define HAVE_STDLIB_H 1
| #define HAVE_STRING_H 1
| #define HAVE_MEMORY_H 1
| #define HAVE_STRINGS_H 1
| #define HAVE_INTTYPES_H 1
| #define HAVE_STDINT_H 1
| #define HAVE_UNISTD_H 1
| #define HAVE_DLFCN_H 1
| #define LT_OBJDIR ".libs/"
| #define USE_RTTI 1
| #define HAVE_SLEEP 1
| #define HAVE_GETTIMEOFDAY 1
| #define HAVE_FTIME 1
| #define HAVE_SRANDOM 1
| #define HAVE_RANDOM 1
| #define HAVE_SIGACTION 1
| #define HAVE_SIGSETJMP 1
| #define HAVE_GETRUSAGE 1
| #define HAVE_TIMES 1
| #define HAVE_SYSCONF 1
| #define HAVE_SETENV 1
| #define HAVE_DIRFD 1
| #define HAVE_GETRLIMIT 1
| #define HAVE_SYS_UTSNAME_H 1
| #define HAVE_GETHOSTNAME 1
| #define SIZEOF_INT 4
| #define SIZEOF_LONG 8
| #define SIZEOF_LONG_LONG 8
| #define HAVE_SYS_TYPES_H 1
| #define SIZEOF_OFF_T 8
| #define UNSIGNED_OFF_T unsigned long
| #define HAVE_FCNTL_H 1
| #define HAVE_LIMITS_H 1
| #define HAVE_SYS_ERRNO_H 1
| #define HAVE_SYS_SELECT_H 1
| #define HAVE_SYS_RESOURCE_H 1
| #define HAVE_HSTRERROR 1
| #define HAVE_DECL_STRERROR_R 1
| #define HAVE_STRERROR_R 1
| #define HAVE_DECL_SYS_ERRLIST 1
| #define HAVE_DECL__SYS_ERRLIST 0
| #define HAVE_DECL_SYS_NERR 1
| #define HAVE_DECL__SYS_NERR 0
| #define SNPRINTF_ISO snprintf
| #define SNPRINTF snprintf
| #define HAVE_ZLIB_H 1
| /* end confdefs.h.  */
| 
| /* Override any GCC internal prototype to avoid an error.
|    Use char because int might match the return type of a GCC
|    builtin and then its argument prototype would still apply.  */
| #ifdef __cplusplus
| extern "C"
| #endif
| char zlibVersion ();
| int
| main ()
| {
| return zlibVersion ();
|   ;
|   return 0;
| }
configure:18912: g++ -o conftest -O2   conftest.cpp -lz   >&5
configure:18912: $? = 0
configure:18929: result: -lz
configure:18953: checking for uuid/uuid.h
configure:18953: g++ -c -O2  conftest.cpp >&5
configure:18953: $? = 0
configure:18953: result: yes
configure:18961: checking for library containing uuid_generate
configure:18992: g++ -o conftest -O2   conftest.cpp  >&5
configure:18992: $? = 0
configure:19009: result: none required
configure:19080: g++ -o conftest -O2   conftest.cpp  >&5
configure:19080: $? = 0
configure:19111: g++ -E  conftest.cpp
configure:19111: $? = 0
configure:19127: checking for fork
configure:19127: g++ -o conftest -O2   conftest.cpp  >&5
configure:19127: $? = 0
configure:19127: result: yes
configure:19140: checking for library containing socketpair
configure:19171: g++ -o conftest -O2   conftest.cpp  >&5
configure:19171: $? = 0
configure:19188: result: none required
configure:19202: checking for library containing gethostbyname
configure:19233: g++ -o conftest -O2   conftest.cpp  >&5
configure:19233: $? = 0
configure:19250: result: none required
configure:19271: checking for type to use for 5th parameter to getsockopt
configure:19299: g++ -c -O2  conftest.cpp >&5
configure:19299: $? = 0
configure:19315: result: socklen_t
configure:19431: checking whether fdatasync is declared
configure:19431: g++ -c -O2  conftest.cpp >&5
conftest.cpp:73:10: error: use of undeclared identifier 'fdatasync'
  (void) fdatasync((int) 0);
         ^
1 error generated.
configure:19431: $? = 1
configure: failed program was:
| /* confdefs.h */
| #define PACKAGE_NAME "xapian-core-scws"
| #define PACKAGE_TARNAME "xapian-core-scws"
| #define PACKAGE_VERSION "1.2.22"
| #define PACKAGE_STRING "xapian-core-scws 1.2.22"
| #define PACKAGE_BUGREPORT "http://xapian.xungle.com/bugs"
| #define PACKAGE_URL ""
| #define PACKAGE "xapian-core-scws"
| #define VERSION "1.2.22"
| #define STDC_HEADERS 1
| #define HAVE_SYS_TYPES_H 1
| #define HAVE_SYS_STAT_H 1
| #define HAVE_STDLIB_H 1
| #define HAVE_STRING_H 1
| #define HAVE_MEMORY_H 1
| #define HAVE_STRINGS_H 1
| #define HAVE_INTTYPES_H 1
| #define HAVE_STDINT_H 1
| #define HAVE_UNISTD_H 1
| #define HAVE_DLFCN_H 1
| #define LT_OBJDIR ".libs/"
| #define USE_RTTI 1
| #define HAVE_SLEEP 1
| #define HAVE_GETTIMEOFDAY 1
| #define HAVE_FTIME 1
| #define HAVE_SRANDOM 1
| #define HAVE_RANDOM 1
| #define HAVE_SIGACTION 1
| #define HAVE_SIGSETJMP 1
| #define HAVE_GETRUSAGE 1
| #define HAVE_TIMES 1
| #define HAVE_SYSCONF 1
| #define HAVE_SETENV 1
| #define HAVE_DIRFD 1
| #define HAVE_GETRLIMIT 1
| #define HAVE_SYS_UTSNAME_H 1
| #define HAVE_GETHOSTNAME 1
| #define SIZEOF_INT 4
| #define SIZEOF_LONG 8
| #define SIZEOF_LONG_LONG 8
| #define HAVE_SYS_TYPES_H 1
| #define SIZEOF_OFF_T 8
| #define UNSIGNED_OFF_T unsigned long
| #define HAVE_FCNTL_H 1
| #define HAVE_LIMITS_H 1
| #define HAVE_SYS_ERRNO_H 1
| #define HAVE_SYS_SELECT_H 1
| #define HAVE_SYS_RESOURCE_H 1
| #define HAVE_HSTRERROR 1
| #define HAVE_DECL_STRERROR_R 1
| #define HAVE_STRERROR_R 1
| #define HAVE_DECL_SYS_ERRLIST 1
| #define HAVE_DECL__SYS_ERRLIST 0
| #define HAVE_DECL_SYS_NERR 1
| #define HAVE_DECL__SYS_NERR 0
| #define SNPRINTF_ISO snprintf
| #define SNPRINTF snprintf
| #define HAVE_ZLIB_H 1
| #define HAVE_UUID_UUID_H 1
| #define HAVE_UUID_UNPARSE_LOWER 1
| #define HAVE_FORK 1
| #define HAVE_SOCKETPAIR 1
| #define SOCKLEN_T socklen_t
| /* end confdefs.h.  */
| #include <unistd.h>
| 
| 
| int
| main ()
| {
| #ifndef fdatasync
| #ifdef __cplusplus
|   (void) fdatasync((int) 0);
| #else
|   (void) fdatasync;
| #endif
| #endif
| 
|   ;
|   return 0;
| }
configure:19431: result: no
configure:19513: checking for fsync
configure:19513: g++ -o conftest -O2   conftest.cpp  >&5
configure:19513: $? = 0
configure:19513: result: yes
configure:19535: checking for pread
configure:19535: g++ -o conftest -O2   conftest.cpp  >&5
configure:19535: $? = 0
configure:19535: result: yes
configure:19540: checking for any prototype needed for pread
configure:19567: g++ -c -O2  conftest.cpp >&5
configure:19567: $? = 0
configure:19584: result: none required
configure:19598: checking for pwrite
configure:19598: g++ -o conftest -O2   conftest.cpp  >&5
configure:19598: $? = 0
configure:19598: result: yes
configure:19603: checking for any prototype needed for pwrite
configure:19630: g++ -c -O2  conftest.cpp >&5
configure:19630: $? = 0
configure:19647: result: none required
configure:19666: checking for link
configure:19666: g++ -o conftest -O2   conftest.cpp  >&5
configure:19666: $? = 0
configure:19666: result: yes
configure:19720: checking for scws
configure:19757: result: yes: /svr/htdocs/test/xunsearch/
configure:19768: checking for scws_new in -lscws
configure:19795: g++ -o conftest -O2   conftest.cpp -lscws
	-L/svr/htdocs/test/xunsearch//lib
    >&5
configure:19795: $? = 0
configure:19804: result: yes
configure:19886: checking if g++ -fvisibility=hidden works
configure:19889: result: yes
configure:19903: checking for g++ -Wl,-Bsymbolic-functions
ld: unknown option: -Bsymbolic-functions
clang: error: linker command failed with exit code 1 (use -v to see invocation)
configure:19920: result: yes
configure:19925: checking whether to use SSE instructions on x86
configure:19963: result: non-x86 arch (x86_64)
configure:20192: creating ./config.status

## ---------------------- ##
## Running config.status. ##
## ---------------------- ##

This file was extended by xapian-core-scws config.status 1.2.22, which was
generated by GNU Autoconf 2.69.  Invocation command line was

  CONFIG_FILES    = 
  CONFIG_HEADERS  = 
  CONFIG_LINKS    = 
  CONFIG_COMMANDS = 
  $ ./config.status 

on EL.local

config.status:1256: creating Makefile
config.status:1256: creating tests/Makefile
config.status:1256: creating docs/Makefile
config.status:1256: creating docs/doxygen_api.conf
config.status:1256: creating docs/doxygen_source.conf
config.status:1256: creating xapian-core.spec
config.status:1256: creating cmake/xapian-config.cmake
config.status:1256: creating cmake/xapian-config-version.cmake
config.status:1256: creating pkgconfig/xapian-core.pc
config.status:1256: creating tests/runtest
config.status:1256: creating tests/runsrv
config.status:1256: creating tests/submitperftest
config.status:1256: creating tests/perftest/get_machine_info
config.status:1256: creating xapian-config
config.status:1256: creating makemanpage
config.status:1256: creating docs/gen_codestructure_doc
config.status:1256: creating languages/generate-allsnowballheaders
config.status:1256: creating config.h
config.status:1485: executing depfiles commands
config.status:1485: executing libtool commands
configure:22658: g++ -c -O2  -I/svr/htdocs/test/xunsearch//include conftest.cpp >&5
configure:22658: $? = 0

## ---------------- ##
## Cache variables. ##
## ---------------- ##

ac_cv_build=x86_64-apple-darwin15.0.0
ac_cv_c_compiler_gnu=yes
ac_cv_cxx_compiler_gnu=yes
ac_cv_env_CCC_set=
ac_cv_env_CCC_value=
ac_cv_env_CC_FOR_BUILD_set=
ac_cv_env_CC_FOR_BUILD_value=
ac_cv_env_CC_set=
ac_cv_env_CC_value=
ac_cv_env_CFLAGS_set=set
ac_cv_env_CFLAGS_value=-O2
ac_cv_env_CPPFLAGS_set=
ac_cv_env_CPPFLAGS_value=
ac_cv_env_CPP_set=
ac_cv_env_CPP_value=
ac_cv_env_CXXCPP_set=
ac_cv_env_CXXCPP_value=
ac_cv_env_CXXFLAGS_set=set
ac_cv_env_CXXFLAGS_value=-O2
ac_cv_env_CXX_set=
ac_cv_env_CXX_value=
ac_cv_env_LDFLAGS_set=
ac_cv_env_LDFLAGS_value=
ac_cv_env_LIBS_set=
ac_cv_env_LIBS_value=
ac_cv_env_LT_SYS_LIBRARY_PATH_set=
ac_cv_env_LT_SYS_LIBRARY_PATH_value=
ac_cv_env_build_alias_set=
ac_cv_env_build_alias_value=
ac_cv_env_host_alias_set=
ac_cv_env_host_alias_value=
ac_cv_env_target_alias_set=
ac_cv_env_target_alias_value=
ac_cv_func__putenv_s=no
ac_cv_func_closefrom=no
ac_cv_func_dirfd=yes
ac_cv_func_fdatasync=no
ac_cv_func_fork=yes
ac_cv_func_fsync=yes
ac_cv_func_ftime=yes
ac_cv_func_gethostname=yes
ac_cv_func_getrlimit=yes
ac_cv_func_getrusage=yes
ac_cv_func_gettimeofday=yes
ac_cv_func_hstrerror=yes
ac_cv_func_link=yes
ac_cv_func_memcmp_working=yes
ac_cv_func_pread=yes
ac_cv_func_pwrite=yes
ac_cv_func_random=yes
ac_cv_func_setenv=yes
ac_cv_func_sigaction=yes
ac_cv_func_sleep=yes
ac_cv_func_snprintf=snprintf
ac_cv_func_snprintf_noniso=no
ac_cv_func_srandom=yes
ac_cv_func_strerror_r=yes
ac_cv_func_strerror_r_char_p=no
ac_cv_func_sysconf=yes
ac_cv_func_times=yes
ac_cv_have_decl__sys_errlist=no
ac_cv_have_decl__sys_nerr=no
ac_cv_have_decl_fdatasync_int_=no
ac_cv_have_decl_strerror_r=yes
ac_cv_have_decl_sys_errlist=yes
ac_cv_have_decl_sys_nerr=yes
ac_cv_header_dlfcn_h=yes
ac_cv_header_fcntl_h=yes
ac_cv_header_inttypes_h=yes
ac_cv_header_limits_h=yes
ac_cv_header_memory_h=yes
ac_cv_header_stdc=yes
ac_cv_header_stdint_h=yes
ac_cv_header_stdlib_h=yes
ac_cv_header_string_h=yes
ac_cv_header_strings_h=yes
ac_cv_header_sys_errno_h=yes
ac_cv_header_sys_resource_h=yes
ac_cv_header_sys_select_h=yes
ac_cv_header_sys_stat_h=yes
ac_cv_header_sys_types_h=yes
ac_cv_header_sys_utsname_h=yes
ac_cv_header_unistd_h=yes
ac_cv_header_uuid_uuid_h=yes
ac_cv_header_zlib_h=yes
ac_cv_host=x86_64-apple-darwin15.0.0
ac_cv_lib_scws_scws_new=yes
ac_cv_objext=o
ac_cv_path_EGREP='/usr/bin/grep -E'
ac_cv_path_FGREP='/usr/bin/grep -F'
ac_cv_path_GREP=/usr/bin/grep
ac_cv_path_PERL=/usr/bin/perl
ac_cv_path_SED=/usr/bin/sed
ac_cv_path_install='/usr/bin/install -c'
ac_cv_path_lt_DD=/bin/dd
ac_cv_prog_AWK=awk
ac_cv_prog_CPP='gcc -E'
ac_cv_prog_CXXCPP='g++ -E'
ac_cv_prog_ac_ct_AR=ar
ac_cv_prog_ac_ct_CC=gcc
ac_cv_prog_ac_ct_CXX=g++
ac_cv_prog_ac_ct_DSYMUTIL=dsymutil
ac_cv_prog_ac_ct_LIPO=lipo
ac_cv_prog_ac_ct_NMEDIT=nmedit
ac_cv_prog_ac_ct_OTOOL=otool
ac_cv_prog_ac_ct_RANLIB=ranlib
ac_cv_prog_ac_ct_STRIP=strip
ac_cv_prog_cc_c89=
ac_cv_prog_cc_g=yes
ac_cv_prog_cxx_g=yes
ac_cv_prog_make_make_set=yes
ac_cv_search_gethostbyname='none required'
ac_cv_search_socketpair='none required'
ac_cv_search_uuid_generate='none required'
ac_cv_search_zlibVersion=-lz
ac_cv_sizeof_int=4
ac_cv_sizeof_long=8
ac_cv_sizeof_long_long=8
ac_cv_sizeof_off_t=8
ac_cv_sys_file_offset_bits=no
ac_cv_sys_largefile_CC=no
ac_cv_type_mode_t=yes
ac_cv_type_pid_t=yes
ac_cv_type_ssize_t=yes
am_cv_CC_dependencies_compiler_type=gcc3
am_cv_CXX_dependencies_compiler_type=gcc3
am_cv_prog_tar_ustar=gnutar
lt_cv_apple_cc_single_mod=yes
lt_cv_ar_at_file=no
lt_cv_deplibs_check_method=pass_all
lt_cv_file_magic_cmd='$MAGIC_CMD'
lt_cv_file_magic_test_file=
lt_cv_ld_exported_symbols_list=yes
lt_cv_ld_force_load=yes
lt_cv_ld_reload_flag=-r
lt_cv_nm_interface='BSD nm'
lt_cv_objdir=.libs
lt_cv_path_LD=/Applications/Xcode.app/Contents/Developer/Toolchains/XcodeDefault.xctoolchain/usr/bin/ld
lt_cv_path_LDCXX=/Applications/Xcode.app/Contents/Developer/Toolchains/XcodeDefault.xctoolchain/usr/bin/ld
lt_cv_path_NM='/usr/bin/nm -B'
lt_cv_path_mainfest_tool=no
lt_cv_prog_compiler_c_o=yes
lt_cv_prog_compiler_c_o_CXX=yes
lt_cv_prog_compiler_pic='-fno-common -DPIC'
lt_cv_prog_compiler_pic_CXX='-fno-common -DPIC'
lt_cv_prog_compiler_pic_works=yes
lt_cv_prog_compiler_pic_works_CXX=yes
lt_cv_prog_compiler_rtti_exceptions=yes
lt_cv_prog_compiler_static_works=no
lt_cv_prog_compiler_static_works_CXX=no
lt_cv_prog_gnu_ld=no
lt_cv_prog_gnu_ldcxx=no
lt_cv_sharedlib_from_linklib_cmd='printf %s\n'
lt_cv_sys_global_symbol_pipe='sed -n -e '\''s/^.*[	 ]\([BCDEGRST][BCDEGRST]*\)[	 ][	 ]*_\([_A-Za-z][_A-Za-z0-9]*\)$/\1 _\2 \2/p'\'' | sed '\''/ __gnu_lto/d'\'''
lt_cv_sys_global_symbol_to_c_name_address='sed -n -e '\''s/^: \(.*\) .*$/  {"\1", (void *) 0},/p'\'' -e '\''s/^[BCDEGRST][BCDEGRST]* .* \(.*\)$/  {"\1", (void *) \&\1},/p'\'''
lt_cv_sys_global_symbol_to_c_name_address_lib_prefix='sed -n -e '\''s/^: \(.*\) .*$/  {"\1", (void *) 0},/p'\'' -e '\''s/^[BCDEGRST][BCDEGRST]* .* \(lib.*\)$/  {"\1", (void *) \&\1},/p'\'' -e '\''s/^[BCDEGRST][BCDEGRST]* .* \(.*\)$/  {"lib\1", (void *) \&\1},/p'\'''
lt_cv_sys_global_symbol_to_cdecl='sed -n -e '\''s/^T .* \(.*\)$/extern int \1();/p'\'' -e '\''s/^[BCDEGRST][BCDEGRST]* .* \(.*\)$/extern char \1;/p'\'''
lt_cv_sys_global_symbol_to_import=
lt_cv_sys_max_cmd_len=196608
lt_cv_to_host_file_cmd=func_convert_file_noop
lt_cv_to_tool_file_cmd=func_convert_file_noop
lt_cv_truncate_bin='/bin/dd bs=4096 count=1'
xo_cv_cxx_works=yes
xo_cv_pread_prototype=' '
xo_cv_pwrite_prototype=' '
xo_cv_socklen_t_equiv=socklen_t
xo_cv_symbolic_functions=yes

## ----------------- ##
## Output variables. ##
## ----------------- ##

ACLOCAL='${SHELL} /svr/htdocs/test/xunsearch/xapian-core-scws-1.2.22/missing --run aclocal-1.11 '
AMDEPBACKSLASH='\'
AMDEP_FALSE='#'
AMDEP_TRUE=''
AMTAR='$${TAR-tar}'
AM_CXXFLAGS=' -Wall -W -Wredundant-decls -Wpointer-arith -Wcast-qual -Wcast-align -Wno-long-long -Wformat-security -fno-gnu-keywords -Wundef -Woverloaded-virtual -Wshadow -Wstrict-overflow=1 -Winit-self -Wmissing-declarations -fvisibility=hidden'
AR='ar'
AUTOCONF='${SHELL} /svr/htdocs/test/xunsearch/xapian-core-scws-1.2.22/missing --run autoconf'
AUTOHEADER='${SHELL} /svr/htdocs/test/xunsearch/xapian-core-scws-1.2.22/missing --run autoheader'
AUTOM4TE='autom4te'
AUTOMAKE='${SHELL} /svr/htdocs/test/xunsearch/xapian-core-scws-1.2.22/missing --run automake-1.11'
AWK='awk'
BUILD_BACKEND_BRASS_FALSE='#'
BUILD_BACKEND_BRASS_OR_CHERT_OR_FLINT_FALSE='#'
BUILD_BACKEND_BRASS_OR_CHERT_OR_FLINT_TRUE=''
BUILD_BACKEND_BRASS_TRUE=''
BUILD_BACKEND_CHERT_FALSE='#'
BUILD_BACKEND_CHERT_TRUE=''
BUILD_BACKEND_FLINT_FALSE='#'
BUILD_BACKEND_FLINT_TRUE=''
BUILD_BACKEND_INMEMORY_FALSE='#'
BUILD_BACKEND_INMEMORY_TRUE=''
BUILD_BACKEND_REMOTE_FALSE='#'
BUILD_BACKEND_REMOTE_TRUE=''
CC='gcc'
CCDEPMODE='depmode=gcc3'
CC_FOR_BUILD='gcc'
CFLAGS='-O2'
CPP='gcc -E'
CPPFLAGS=' -I/svr/htdocs/test/xunsearch//include'
CXX='g++'
CXXCPP='g++ -E'
CXXDEPMODE='depmode=gcc3'
CXXFLAGS='-O2'
CYGPATH_W='echo'
DEFS='-DHAVE_CONFIG_H'
DEPDIR='.deps'
DLLTOOL='false'
DOCUMENTATION_RULES_FALSE=''
DOCUMENTATION_RULES_TRUE='#'
DOT=''
DOXYGEN=''
DOXYGEN_DOT_PATH=''
DSYMUTIL='dsymutil'
DUMPBIN=''
EATMYDATA=''
ECHO_C='\c'
ECHO_N=''
ECHO_T=''
EGREP='/usr/bin/grep -E'
EXEEXT=''
FGREP='/usr/bin/grep -F'
FP_EXCESS_PRECISION='no'
GREP='/usr/bin/grep'
HELP2MAN=''
INSTALL_DATA='${INSTALL} -m 644'
INSTALL_PROGRAM='${INSTALL}'
INSTALL_SCRIPT='${INSTALL}'
INSTALL_STRIP_PROGRAM='$(install_sh) -c -s'
ISO_CXXFLAGS=''
LD='/Applications/Xcode.app/Contents/Developer/Toolchains/XcodeDefault.xctoolchain/usr/bin/ld'
LDFLAGS=''
LIBOBJS=''
LIBRARY_VERSION_INFO='29:0:7'
LIBRARY_VERSION_SUFFIX=''
LIBS=' -L/svr/htdocs/test/xunsearch//lib -lscws'
LIBTOOL='$(SHELL) $(top_builddir)/libtool'
LIPO='lipo'
LN_S='ln -s'
LTLIBOBJS=''
LT_SYS_LIBRARY_PATH=''
MAINT='#'
MAINTAINER_MODE_FALSE=''
MAINTAINER_MODE_TRUE='#'
MAINTAINER_NO_DOCS_FALSE=''
MAINTAINER_NO_DOCS_TRUE='#'
MAKEINDEX=''
MAKEINFO='${SHELL} /svr/htdocs/test/xunsearch/xapian-core-scws-1.2.22/missing --run makeinfo'
MANIFEST_TOOL=':'
MKDIR_P='./install-sh -c -d'
NM='/usr/bin/nm -B'
NMEDIT='nmedit'
NO_INSTALL='-no-fast-install'
NO_UNDEFINED=''
OBJDUMP='false'
OBJEXT='o'
OTOOL64=':'
OTOOL='otool'
PACKAGE='xapian-core-scws'
PACKAGE_BUGREPORT='http://xapian.xungle.com/bugs'
PACKAGE_NAME='xapian-core-scws'
PACKAGE_STRING='xapian-core-scws 1.2.22'
PACKAGE_TARNAME='xapian-core-scws'
PACKAGE_URL=''
PACKAGE_VERSION='1.2.22'
PATH_SEPARATOR=':'
PERL='/usr/bin/perl'
PNGCRUSH=''
QUIET=''
RANLIB='ranlib'
RST2HTML=''
SED='/usr/bin/sed'
SET_MAKE=''
SHELL='/bin/sh'
SHLIBEXT='.dylib'
STRIP='strip'
USE_WIN32_UUID_API_FALSE=''
USE_WIN32_UUID_API_TRUE='#'
USE_ZLIB_VG_FALSE=''
USE_ZLIB_VG_TRUE='#'
VALGRIND=''
VERSION='1.2.22'
VPATH_BUILD_FALSE=''
VPATH_BUILD_TRUE='#'
XAPIAN_LDFLAGS=' -L/svr/htdocs/test/xunsearch//lib -lscws -Bsymbolic-functions'
XAPIAN_LIBS=' -lz  '
abi_affecting_cxxflags=''
ac_ct_AR='ar'
ac_ct_CC='gcc'
ac_ct_CXX='g++'
ac_ct_DUMPBIN=''
am__EXEEXT_FALSE=''
am__EXEEXT_TRUE='#'
am__fastdepCC_FALSE='#'
am__fastdepCC_TRUE=''
am__fastdepCXX_FALSE='#'
am__fastdepCXX_TRUE=''
am__include='include'
am__isrc=''
am__leading_dot='.'
am__nodep='_no'
am__quote=''
am__tar='tar --format=ustar -chf - "$$tardir"'
am__untar='tar -xf -'
bindir='${exec_prefix}/bin'
build='x86_64-apple-darwin15.0.0'
build_alias=''
build_cpu='x86_64'
build_os='darwin15.0.0'
build_vendor='apple'
datadir='${datarootdir}'
datarootdir='${prefix}/share'
docdir='${datarootdir}/doc/${PACKAGE_TARNAME}'
dvidir='${docdir}'
exec_prefix='${prefix}'
host='x86_64-apple-darwin15.0.0'
host_alias=''
host_cpu='x86_64'
host_os='darwin15.0.0'
host_vendor='apple'
htmldir='${docdir}'
incdir='${prefix}/include'
includedir='${prefix}/include'
infodir='${datarootdir}/info'
install_sh='${SHELL} /svr/htdocs/test/xunsearch/xapian-core-scws-1.2.22/install-sh'
ldflags=''
libdir='${exec_prefix}/lib'
libexecdir='${exec_prefix}/libexec'
link_all_deplibs_CXX='yes'
localedir='${datarootdir}/locale'
localstatedir='${prefix}/var'
mandir='${datarootdir}/man'
mkdir_p='$(top_builddir)/./install-sh -c -d'
oldincludedir='/usr/include'
pdfdir='${docdir}'
prefix='/svr/htdocs/test/xunsearch'
program_transform_name='s,x,x,'
psdir='${docdir}'
sbindir='${exec_prefix}/sbin'
sharedstatedir='${prefix}/com'
sysconfdir='${prefix}/etc'
target_alias=''

## ----------- ##
## confdefs.h. ##
## ----------- ##

/* confdefs.h */
#define PACKAGE_NAME "xapian-core-scws"
#define PACKAGE_TARNAME "xapian-core-scws"
#define PACKAGE_VERSION "1.2.22"
#define PACKAGE_STRING "xapian-core-scws 1.2.22"
#define PACKAGE_BUGREPORT "http://xapian.xungle.com/bugs"
#define PACKAGE_URL ""
#define PACKAGE "xapian-core-scws"
#define VERSION "1.2.22"
#define STDC_HEADERS 1
#define HAVE_SYS_TYPES_H 1
#define HAVE_SYS_STAT_H 1
#define HAVE_STDLIB_H 1
#define HAVE_STRING_H 1
#define HAVE_MEMORY_H 1
#define HAVE_STRINGS_H 1
#define HAVE_INTTYPES_H 1
#define HAVE_STDINT_H 1
#define HAVE_UNISTD_H 1
#define HAVE_DLFCN_H 1
#define LT_OBJDIR ".libs/"
#define USE_RTTI 1
#define HAVE_SLEEP 1
#define HAVE_GETTIMEOFDAY 1
#define HAVE_FTIME 1
#define HAVE_SRANDOM 1
#define HAVE_RANDOM 1
#define HAVE_SIGACTION 1
#define HAVE_SIGSETJMP 1
#define HAVE_GETRUSAGE 1
#define HAVE_TIMES 1
#define HAVE_SYSCONF 1
#define HAVE_SETENV 1
#define HAVE_DIRFD 1
#define HAVE_GETRLIMIT 1
#define HAVE_SYS_UTSNAME_H 1
#define HAVE_GETHOSTNAME 1
#define SIZEOF_INT 4
#define SIZEOF_LONG 8
#define SIZEOF_LONG_LONG 8
#define HAVE_SYS_TYPES_H 1
#define SIZEOF_OFF_T 8
#define UNSIGNED_OFF_T unsigned long
#define HAVE_FCNTL_H 1
#define HAVE_LIMITS_H 1
#define HAVE_SYS_ERRNO_H 1
#define HAVE_SYS_SELECT_H 1
#define HAVE_SYS_RESOURCE_H 1
#define HAVE_HSTRERROR 1
#define HAVE_DECL_STRERROR_R 1
#define HAVE_STRERROR_R 1
#define HAVE_DECL_SYS_ERRLIST 1
#define HAVE_DECL__SYS_ERRLIST 0
#define HAVE_DECL_SYS_NERR 1
#define HAVE_DECL__SYS_NERR 0
#define SNPRINTF_ISO snprintf
#define SNPRINTF snprintf
#define HAVE_ZLIB_H 1
#define HAVE_UUID_UUID_H 1
#define HAVE_UUID_UNPARSE_LOWER 1
#define HAVE_FORK 1
#define HAVE_SOCKETPAIR 1
#define SOCKLEN_T socklen_t
#define HAVE_FSYNC 1
#define HAVE_PREAD 1
#define HAVE_PWRITE 1
#define HAVE_LINK 1
#define HAVE_SCWS 1
#define SCWS_ETCDIR "/svr/htdocs/test/xunsearch//etc"

configure: exit 0
